{"C:\\Users\\PMLS\\Desktop\\CSN\\Week 2\\Emergency_Application_v6\\packages\\shared\\src\\crypto\\aes-gcm.ts": {"path":"C:\\Users\\PMLS\\Desktop\\CSN\\Week 2\\Emergency_Application_v6\\packages\\shared\\src\\crypto\\aes-gcm.ts","statementMap":{"0":{"start":{"line":13,"column":0},"end":{"line":13,"column":16}},"1":{"start":{"line":36,"column":0},"end":{"line":36,"column":16}},"2":{"start":{"line":1,"column":0},"end":{"line":1,"column":33}},"3":{"start":{"line":14,"column":2},"end":{"line":16,"column":3}},"4":{"start":{"line":15,"column":4},"end":{"line":15,"column":71}},"5":{"start":{"line":18,"column":13},"end":{"line":18,"column":35}},"6":{"start":{"line":19,"column":17},"end":{"line":19,"column":62}},"7":{"start":{"line":21,"column":21},"end":{"line":21,"column":78}},"8":{"start":{"line":22,"column":14},"end":{"line":22,"column":33}},"9":{"start":{"line":24,"column":2},"end":{"line":28,"column":4}},"10":{"start":{"line":42,"column":2},"end":{"line":44,"column":3}},"11":{"start":{"line":43,"column":4},"end":{"line":43,"column":71}},"12":{"start":{"line":46,"column":19},"end":{"line":46,"column":66}},"13":{"start":{"line":47,"column":2},"end":{"line":47,"column":40}},"14":{"start":{"line":49,"column":2},"end":{"line":57,"column":3}},"15":{"start":{"line":50,"column":22},"end":{"line":53,"column":6}},"16":{"start":{"line":54,"column":4},"end":{"line":54,"column":37}},"17":{"start":{"line":56,"column":4},"end":{"line":56,"column":93}}},"fnMap":{"0":{"name":"encrypt","decl":{"start":{"line":13,"column":16},"end":{"line":13,"column":23}},"loc":{"start":{"line":13,"column":62},"end":{"line":29,"column":1}}},"1":{"name":"decrypt","decl":{"start":{"line":36,"column":16},"end":{"line":36,"column":23}},"loc":{"start":{"line":40,"column":17},"end":{"line":58,"column":1}}}},"branchMap":{"0":{"loc":{"start":{"line":14,"column":2},"end":{"line":16,"column":3}},"type":"if","locations":[{"start":{"line":14,"column":2},"end":{"line":16,"column":3}}]},"1":{"loc":{"start":{"line":42,"column":2},"end":{"line":44,"column":3}},"type":"if","locations":[{"start":{"line":42,"column":2},"end":{"line":44,"column":3}}]}},"s":{"0":1,"1":1,"2":1,"3":6,"4":1,"5":5,"6":5,"7":5,"8":5,"9":5,"10":5,"11":1,"12":4,"13":4,"14":4,"15":4,"16":2,"17":2},"f":{"0":6,"1":5},"b":{"0":[1],"1":[1]}}
,"C:\\Users\\PMLS\\Desktop\\CSN\\Week 2\\Emergency_Application_v6\\packages\\shared\\src\\crypto\\ecdh.ts": {"path":"C:\\Users\\PMLS\\Desktop\\CSN\\Week 2\\Emergency_Application_v6\\packages\\shared\\src\\crypto\\ecdh.ts","statementMap":{"0":{"start":{"line":12,"column":0},"end":{"line":12,"column":16}},"1":{"start":{"line":25,"column":0},"end":{"line":25,"column":16}},"2":{"start":{"line":45,"column":0},"end":{"line":45,"column":16}},"3":{"start":{"line":1,"column":0},"end":{"line":1,"column":33}},"4":{"start":{"line":13,"column":36},"end":{"line":15,"column":4}},"5":{"start":{"line":16,"column":2},"end":{"line":19,"column":4}},"6":{"start":{"line":26,"column":23},"end":{"line":30,"column":4}},"7":{"start":{"line":31,"column":25},"end":{"line":35,"column":4}},"8":{"start":{"line":36,"column":2},"end":{"line":39,"column":5}},"9":{"start":{"line":46,"column":15},"end":{"line":46,"column":32}},"10":{"start":{"line":47,"column":15},"end":{"line":47,"column":57}},"11":{"start":{"line":48,"column":2},"end":{"line":54,"column":5}}},"fnMap":{"0":{"name":"generateKeyPair","decl":{"start":{"line":12,"column":16},"end":{"line":12,"column":31}},"loc":{"start":{"line":12,"column":31},"end":{"line":20,"column":1}}},"1":{"name":"deriveSharedSecret","decl":{"start":{"line":25,"column":16},"end":{"line":25,"column":34}},"loc":{"start":{"line":25,"column":85},"end":{"line":40,"column":1}}},"2":{"name":"sharedSecretToAesKey","decl":{"start":{"line":45,"column":16},"end":{"line":45,"column":36}},"loc":{"start":{"line":45,"column":61},"end":{"line":55,"column":1}}}},"branchMap":{},"s":{"0":1,"1":1,"2":1,"3":1,"4":12,"5":12,"6":7,"7":7,"8":7,"9":5,"10":5,"11":5},"f":{"0":12,"1":7,"2":5},"b":{}}
,"C:\\Users\\PMLS\\Desktop\\CSN\\Week 2\\Emergency_Application_v6\\packages\\shared\\src\\crypto\\ecdsa.ts": {"path":"C:\\Users\\PMLS\\Desktop\\CSN\\Week 2\\Emergency_Application_v6\\packages\\shared\\src\\crypto\\ecdsa.ts","statementMap":{"0":{"start":{"line":8,"column":0},"end":{"line":8,"column":16}},"1":{"start":{"line":25,"column":0},"end":{"line":25,"column":16}},"2":{"start":{"line":1,"column":0},"end":{"line":1,"column":33}},"3":{"start":{"line":9,"column":21},"end":{"line":13,"column":4}},"4":{"start":{"line":15,"column":17},"end":{"line":15,"column":44}},"5":{"start":{"line":16,"column":2},"end":{"line":16,"column":25}},"6":{"start":{"line":17,"column":2},"end":{"line":17,"column":49}},"7":{"start":{"line":26,"column":2},"end":{"line":39,"column":3}},"8":{"start":{"line":27,"column":22},"end":{"line":31,"column":6}},"9":{"start":{"line":33,"column":21},"end":{"line":33,"column":50}},"10":{"start":{"line":34,"column":4},"end":{"line":34,"column":29}},"11":{"start":{"line":35,"column":4},"end":{"line":35,"column":62}},"12":{"start":{"line":38,"column":4},"end":{"line":38,"column":17}}},"fnMap":{"0":{"name":"sign","decl":{"start":{"line":8,"column":16},"end":{"line":8,"column":20}},"loc":{"start":{"line":8,"column":63},"end":{"line":18,"column":1}}},"1":{"name":"verify","decl":{"start":{"line":25,"column":16},"end":{"line":25,"column":22}},"loc":{"start":{"line":25,"column":87},"end":{"line":40,"column":1}}}},"branchMap":{},"s":{"0":1,"1":1,"2":1,"3":5,"4":5,"5":5,"6":5,"7":6,"8":6,"9":5,"10":5,"11":5,"12":1},"f":{"0":5,"1":6},"b":{}}
,"C:\\Users\\PMLS\\Desktop\\CSN\\Week 2\\Emergency_Application_v6\\packages\\shared\\src\\crypto\\message-wrapper.ts": {"path":"C:\\Users\\PMLS\\Desktop\\CSN\\Week 2\\Emergency_Application_v6\\packages\\shared\\src\\crypto\\message-wrapper.ts","statementMap":{"0":{"start":{"line":18,"column":0},"end":{"line":18,"column":16}},"1":{"start":{"line":42,"column":0},"end":{"line":42,"column":16}},"2":{"start":{"line":82,"column":0},"end":{"line":82,"column":16}},"3":{"start":{"line":1,"column":0},"end":{"line":1,"column":66}},"4":{"start":{"line":2,"column":0},"end":{"line":2,"column":45}},"5":{"start":{"line":3,"column":0},"end":{"line":3,"column":39}},"6":{"start":{"line":4,"column":0},"end":{"line":4,"column":32}},"7":{"start":{"line":19,"column":22},"end":{"line":19,"column":70}},"8":{"start":{"line":19,"column":50},"end":{"line":19,"column":66}},"9":{"start":{"line":20,"column":17},"end":{"line":20,"column":44}},"10":{"start":{"line":21,"column":15},"end":{"line":21,"column":16}},"11":{"start":{"line":22,"column":2},"end":{"line":25,"column":3}},"12":{"start":{"line":23,"column":4},"end":{"line":23,"column":28}},"13":{"start":{"line":24,"column":4},"end":{"line":24,"column":25}},"14":{"start":{"line":26,"column":2},"end":{"line":26,"column":16}},"15":{"start":{"line":49,"column":23},"end":{"line":49,"column":85}},"16":{"start":{"line":50,"column":17},"end":{"line":50,"column":51}},"17":{"start":{"line":53,"column":20},"end":{"line":53,"column":46}},"18":{"start":{"line":56,"column":23},"end":{"line":56,"column":38}},"19":{"start":{"line":59,"column":21},"end":{"line":59,"column":91}},"20":{"start":{"line":60,"column":20},"end":{"line":60,"column":57}},"21":{"start":{"line":62,"column":2},"end":{"line":69,"column":4}},"22":{"start":{"line":86,"column":29},"end":{"line":86,"column":82}},"23":{"start":{"line":89,"column":21},"end":{"line":89,"column":79}},"24":{"start":{"line":90,"column":27},"end":{"line":90,"column":83}},"25":{"start":{"line":91,"column":2},"end":{"line":93,"column":3}},"26":{"start":{"line":92,"column":4},"end":{"line":92,"column":109}},"27":{"start":{"line":96,"column":23},"end":{"line":96,"column":85}},"28":{"start":{"line":97,"column":17},"end":{"line":97,"column":51}},"29":{"start":{"line":100,"column":2},"end":{"line":100,"column":64}}},"fnMap":{"0":{"name":"concatUint8Arrays","decl":{"start":{"line":18,"column":16},"end":{"line":18,"column":33}},"loc":{"start":{"line":18,"column":54},"end":{"line":27,"column":1}}},"1":{"name":"(anonymous_1)","decl":{"start":{"line":19,"column":36},"end":{"line":19,"column":37}},"loc":{"start":{"line":19,"column":50},"end":{"line":19,"column":66}}},"2":{"name":"encryptAndSign","decl":{"start":{"line":42,"column":16},"end":{"line":42,"column":30}},"loc":{"start":{"line":46,"column":31},"end":{"line":70,"column":1}}},"3":{"name":"verifyAndDecrypt","decl":{"start":{"line":82,"column":16},"end":{"line":82,"column":32}},"loc":{"start":{"line":84,"column":32},"end":{"line":101,"column":1}}}},"branchMap":{"0":{"loc":{"start":{"line":91,"column":2},"end":{"line":93,"column":3}},"type":"if","locations":[{"start":{"line":91,"column":2},"end":{"line":93,"column":3}}]}},"s":{"0":1,"1":1,"2":1,"3":1,"4":1,"5":1,"6":1,"7":4,"8":12,"9":4,"10":4,"11":4,"12":12,"13":12,"14":4,"15":2,"16":2,"17":2,"18":2,"19":2,"20":2,"21":2,"22":2,"23":2,"24":2,"25":2,"26":1,"27":1,"28":1,"29":1},"f":{"0":4,"1":12,"2":2,"3":2},"b":{"0":[1]}}
,"C:\\Users\\PMLS\\Desktop\\CSN\\Week 2\\Emergency_Application_v6\\packages\\shared\\src\\crypto\\sha256.ts": {"path":"C:\\Users\\PMLS\\Desktop\\CSN\\Week 2\\Emergency_Application_v6\\packages\\shared\\src\\crypto\\sha256.ts","statementMap":{"0":{"start":{"line":7,"column":0},"end":{"line":7,"column":16}},"1":{"start":{"line":1,"column":0},"end":{"line":1,"column":33}},"2":{"start":{"line":8,"column":17},"end":{"line":8,"column":44}},"3":{"start":{"line":9,"column":2},"end":{"line":9,"column":22}},"4":{"start":{"line":10,"column":2},"end":{"line":10,"column":41}}},"fnMap":{"0":{"name":"hash","decl":{"start":{"line":7,"column":16},"end":{"line":7,"column":20}},"loc":{"start":{"line":7,"column":37},"end":{"line":11,"column":1}}}},"branchMap":{},"s":{"0":1,"1":1,"2":7,"3":7,"4":7},"f":{"0":7},"b":{}}
,"C:\\Users\\PMLS\\Desktop\\CSN\\Week 2\\Emergency_Application_v6\\packages\\shared\\src\\sync\\merge-logic.ts": {"path":"C:\\Users\\PMLS\\Desktop\\CSN\\Week 2\\Emergency_Application_v6\\packages\\shared\\src\\sync\\merge-logic.ts","statementMap":{"0":{"start":{"line":19,"column":0},"end":{"line":19,"column":16}},"1":{"start":{"line":33,"column":0},"end":{"line":33,"column":16}},"2":{"start":{"line":58,"column":0},"end":{"line":58,"column":16}},"3":{"start":{"line":88,"column":0},"end":{"line":88,"column":16}},"4":{"start":{"line":20,"column":29},"end":{"line":20,"column":41}},"5":{"start":{"line":21,"column":2},"end":{"line":25,"column":3}},"6":{"start":{"line":22,"column":4},"end":{"line":24,"column":5}},"7":{"start":{"line":23,"column":6},"end":{"line":23,"column":36}},"8":{"start":{"line":26,"column":2},"end":{"line":26,"column":16}},"9":{"start":{"line":34,"column":2},"end":{"line":34,"column":37}},"10":{"start":{"line":34,"column":25},"end":{"line":34,"column":37}},"11":{"start":{"line":35,"column":2},"end":{"line":35,"column":42}},"12":{"start":{"line":35,"column":30},"end":{"line":35,"column":42}},"13":{"start":{"line":37,"column":2},"end":{"line":49,"column":3}},"14":{"start":{"line":38,"column":22},"end":{"line":38,"column":63}},"15":{"start":{"line":39,"column":23},"end":{"line":39,"column":66}},"16":{"start":{"line":41,"column":4},"end":{"line":48,"column":5}},"17":{"start":{"line":42,"column":6},"end":{"line":47,"column":8}},"18":{"start":{"line":50,"column":2},"end":{"line":50,"column":14}},"19":{"start":{"line":59,"column":16},"end":{"line":59,"column":37}},"20":{"start":{"line":60,"column":17},"end":{"line":60,"column":39}},"21":{"start":{"line":62,"column":20},"end":{"line":62,"column":57}},"22":{"start":{"line":63,"column":21},"end":{"line":63,"column":60}},"23":{"start":{"line":66,"column":2},"end":{"line":68,"column":3}},"24":{"start":{"line":67,"column":4},"end":{"line":67,"column":96}},"25":{"start":{"line":69,"column":2},"end":{"line":71,"column":3}},"26":{"start":{"line":70,"column":4},"end":{"line":70,"column":97}},"27":{"start":{"line":74,"column":20},"end":{"line":74,"column":61}},"28":{"start":{"line":75,"column":21},"end":{"line":75,"column":64}},"29":{"start":{"line":77,"column":2},"end":{"line":81,"column":3}},"30":{"start":{"line":78,"column":4},"end":{"line":78,"column":89}},"31":{"start":{"line":80,"column":4},"end":{"line":80,"column":82}},"32":{"start":{"line":89,"column":15},"end":{"line":89,"column":32}},"33":{"start":{"line":90,"column":22},"end":{"line":90,"column":24}},"34":{"start":{"line":91,"column":2},"end":{"line":96,"column":3}},"35":{"start":{"line":92,"column":4},"end":{"line":95,"column":5}},"36":{"start":{"line":93,"column":6},"end":{"line":93,"column":33}},"37":{"start":{"line":94,"column":6},"end":{"line":94,"column":23}},"38":{"start":{"line":97,"column":2},"end":{"line":97,"column":16}}},"fnMap":{"0":{"name":"mergeSyncVectors","decl":{"start":{"line":19,"column":16},"end":{"line":19,"column":32}},"loc":{"start":{"line":19,"column":70},"end":{"line":27,"column":1}}},"1":{"name":"detectConflict","decl":{"start":{"line":33,"column":16},"end":{"line":33,"column":30}},"loc":{"start":{"line":33,"column":54},"end":{"line":51,"column":1}}},"2":{"name":"resolveConflict","decl":{"start":{"line":58,"column":16},"end":{"line":58,"column":31}},"loc":{"start":{"line":58,"column":50},"end":{"line":82,"column":1}}},"3":{"name":"deduplicateByHash","decl":{"start":{"line":88,"column":16},"end":{"line":88,"column":33}},"loc":{"start":{"line":88,"column":83},"end":{"line":98,"column":1}}}},"branchMap":{"0":{"loc":{"start":{"line":22,"column":4},"end":{"line":24,"column":5}},"type":"if","locations":[{"start":{"line":22,"column":4},"end":{"line":24,"column":5}}]},"1":{"loc":{"start":{"line":22,"column":8},"end":{"line":22,"column":71}},"type":"binary-expr","locations":[{"start":{"line":22,"column":8},"end":{"line":22,"column":38}},{"start":{"line":22,"column":42},"end":{"line":22,"column":71}}]},"2":{"loc":{"start":{"line":34,"column":2},"end":{"line":34,"column":37}},"type":"if","locations":[{"start":{"line":34,"column":2},"end":{"line":34,"column":37}}]},"3":{"loc":{"start":{"line":34,"column":6},"end":{"line":34,"column":23}},"type":"binary-expr","locations":[{"start":{"line":34,"column":6},"end":{"line":34,"column":12}},{"start":{"line":34,"column":16},"end":{"line":34,"column":23}}]},"4":{"loc":{"start":{"line":35,"column":2},"end":{"line":35,"column":42}},"type":"if","locations":[{"start":{"line":35,"column":2},"end":{"line":35,"column":42}}]},"5":{"loc":{"start":{"line":37,"column":2},"end":{"line":49,"column":3}},"type":"if","locations":[{"start":{"line":37,"column":2},"end":{"line":49,"column":3}}]},"6":{"loc":{"start":{"line":38,"column":22},"end":{"line":38,"column":63}},"type":"binary-expr","locations":[{"start":{"line":38,"column":22},"end":{"line":38,"column":38}},{"start":{"line":38,"column":42},"end":{"line":38,"column":58}},{"start":{"line":38,"column":62},"end":{"line":38,"column":63}}]},"7":{"loc":{"start":{"line":39,"column":23},"end":{"line":39,"column":66}},"type":"binary-expr","locations":[{"start":{"line":39,"column":23},"end":{"line":39,"column":40}},{"start":{"line":39,"column":44},"end":{"line":39,"column":61}},{"start":{"line":39,"column":65},"end":{"line":39,"column":66}}]},"8":{"loc":{"start":{"line":41,"column":4},"end":{"line":48,"column":5}},"type":"if","locations":[{"start":{"line":41,"column":4},"end":{"line":48,"column":5}}]},"9":{"loc":{"start":{"line":62,"column":20},"end":{"line":62,"column":57}},"type":"binary-expr","locations":[{"start":{"line":62,"column":20},"end":{"line":62,"column":30}},{"start":{"line":62,"column":34},"end":{"line":62,"column":51}},{"start":{"line":62,"column":55},"end":{"line":62,"column":57}}]},"10":{"loc":{"start":{"line":63,"column":21},"end":{"line":63,"column":60}},"type":"binary-expr","locations":[{"start":{"line":63,"column":21},"end":{"line":63,"column":32}},{"start":{"line":63,"column":36},"end":{"line":63,"column":54}},{"start":{"line":63,"column":58},"end":{"line":63,"column":60}}]},"11":{"loc":{"start":{"line":66,"column":2},"end":{"line":68,"column":3}},"type":"if","locations":[{"start":{"line":66,"column":2},"end":{"line":68,"column":3}}]},"12":{"loc":{"start":{"line":66,"column":6},"end":{"line":66,"column":61}},"type":"binary-expr","locations":[{"start":{"line":66,"column":6},"end":{"line":66,"column":31}},{"start":{"line":66,"column":35},"end":{"line":66,"column":61}}]},"13":{"loc":{"start":{"line":69,"column":2},"end":{"line":71,"column":3}},"type":"if","locations":[{"start":{"line":69,"column":2},"end":{"line":71,"column":3}}]},"14":{"loc":{"start":{"line":69,"column":6},"end":{"line":69,"column":61}},"type":"binary-expr","locations":[{"start":{"line":69,"column":6},"end":{"line":69,"column":32}},{"start":{"line":69,"column":36},"end":{"line":69,"column":61}}]},"15":{"loc":{"start":{"line":74,"column":20},"end":{"line":74,"column":61}},"type":"binary-expr","locations":[{"start":{"line":74,"column":20},"end":{"line":74,"column":36}},{"start":{"line":74,"column":40},"end":{"line":74,"column":56}},{"start":{"line":74,"column":60},"end":{"line":74,"column":61}}]},"16":{"loc":{"start":{"line":75,"column":21},"end":{"line":75,"column":64}},"type":"binary-expr","locations":[{"start":{"line":75,"column":21},"end":{"line":75,"column":38}},{"start":{"line":75,"column":42},"end":{"line":75,"column":59}},{"start":{"line":75,"column":63},"end":{"line":75,"column":64}}]},"17":{"loc":{"start":{"line":77,"column":2},"end":{"line":81,"column":3}},"type":"if","locations":[{"start":{"line":77,"column":2},"end":{"line":81,"column":3}},{"start":{"line":79,"column":9},"end":{"line":81,"column":3}}]},"18":{"loc":{"start":{"line":92,"column":4},"end":{"line":95,"column":5}},"type":"if","locations":[{"start":{"line":92,"column":4},"end":{"line":95,"column":5}}]}},"s":{"0":1,"1":1,"2":1,"3":1,"4":3,"5":3,"6":4,"7":3,"8":3,"9":8,"10":3,"11":5,"12":1,"13":4,"14":2,"15":2,"16":2,"17":1,"18":3,"19":7,"20":7,"21":7,"22":7,"23":7,"24":2,"25":5,"26":1,"27":4,"28":4,"29":4,"30":2,"31":2,"32":2,"33":2,"34":2,"35":4,"36":3,"37":3,"38":2},"f":{"0":3,"1":8,"2":7,"3":2},"b":{"0":[3],"1":[4,2],"2":[3],"3":[8,6],"4":[1],"5":[2],"6":[2,1,0],"7":[2,1,0],"8":[1],"9":[7,3,2],"10":[7,3,2],"11":[2],"12":[7,3],"13":[1],"14":[5,2],"15":[4,2,1],"16":[4,2,0],"17":[2,2],"18":[3]}}
}
