TN:
SF:src\crypto\aes-gcm.ts
FN:13,encrypt
FN:36,decrypt
FNF:2
FNH:2
FNDA:6,encrypt
FNDA:5,decrypt
DA:1,1
DA:13,1
DA:14,6
DA:15,1
DA:18,5
DA:19,5
DA:21,5
DA:22,5
DA:24,5
DA:36,1
DA:42,5
DA:43,1
DA:46,4
DA:47,4
DA:49,4
DA:50,4
DA:54,2
DA:56,2
LF:18
LH:18
BRDA:14,0,0,1
BRDA:42,1,0,1
BRF:2
BRH:2
end_of_record
TN:
SF:src\crypto\ecdh.ts
FN:12,generateKeyPair
FN:25,deriveSharedSecret
FN:45,sharedSecretToAesKey
FNF:3
FNH:3
FNDA:12,generateKeyPair
FNDA:7,deriveSharedSecret
FNDA:5,sharedSecretToAesKey
DA:1,1
DA:12,1
DA:13,12
DA:16,12
DA:25,1
DA:26,7
DA:31,7
DA:36,7
DA:45,1
DA:46,5
DA:47,5
DA:48,5
LF:12
LH:12
BRF:0
BRH:0
end_of_record
TN:
SF:src\crypto\ecdsa.ts
FN:8,sign
FN:25,verify
FNF:2
FNH:2
FNDA:5,sign
FNDA:6,verify
DA:1,1
DA:8,1
DA:9,5
DA:15,5
DA:16,5
DA:17,5
DA:25,1
DA:26,6
DA:27,6
DA:33,5
DA:34,5
DA:35,5
DA:38,1
LF:13
LH:13
BRF:0
BRH:0
end_of_record
TN:
SF:src\crypto\message-wrapper.ts
FN:18,concatUint8Arrays
FN:19,(anonymous_1)
FN:42,encryptAndSign
FN:82,verifyAndDecrypt
FNF:4
FNH:4
FNDA:4,concatUint8Arrays
FNDA:12,(anonymous_1)
FNDA:2,encryptAndSign
FNDA:2,verifyAndDecrypt
DA:1,1
DA:2,1
DA:3,1
DA:4,1
DA:18,1
DA:19,12
DA:20,4
DA:21,4
DA:22,4
DA:23,12
DA:24,12
DA:26,4
DA:42,1
DA:49,2
DA:50,2
DA:53,2
DA:56,2
DA:59,2
DA:60,2
DA:62,2
DA:82,1
DA:86,2
DA:89,2
DA:90,2
DA:91,2
DA:92,1
DA:96,1
DA:97,1
DA:100,1
LF:29
LH:29
BRDA:91,0,0,1
BRF:1
BRH:1
end_of_record
TN:
SF:src\crypto\sha256.ts
FN:7,hash
FNF:1
FNH:1
FNDA:7,hash
DA:1,1
DA:7,1
DA:8,7
DA:9,7
DA:10,7
LF:5
LH:5
BRF:0
BRH:0
end_of_record
TN:
SF:src\sync\merge-logic.ts
FN:19,mergeSyncVectors
FN:33,detectConflict
FN:58,resolveConflict
FN:88,deduplicateByHash
FNF:4
FNH:4
FNDA:3,mergeSyncVectors
FNDA:8,detectConflict
FNDA:7,resolveConflict
FNDA:2,deduplicateByHash
DA:19,1
DA:20,3
DA:21,3
DA:22,4
DA:23,3
DA:26,3
DA:33,1
DA:34,8
DA:35,5
DA:37,4
DA:38,2
DA:39,2
DA:41,2
DA:42,1
DA:50,3
DA:58,1
DA:59,7
DA:60,7
DA:62,7
DA:63,7
DA:66,7
DA:67,2
DA:69,5
DA:70,1
DA:74,4
DA:75,4
DA:77,4
DA:78,2
DA:80,2
DA:88,1
DA:89,2
DA:90,2
DA:91,2
DA:92,4
DA:93,3
DA:94,3
DA:97,2
LF:37
LH:37
BRDA:22,0,0,3
BRDA:22,1,0,4
BRDA:22,1,1,2
BRDA:34,2,0,3
BRDA:34,3,0,8
BRDA:34,3,1,6
BRDA:35,4,0,1
BRDA:37,5,0,2
BRDA:38,6,0,2
BRDA:38,6,1,1
BRDA:38,6,2,0
BRDA:39,7,0,2
BRDA:39,7,1,1
BRDA:39,7,2,0
BRDA:41,8,0,1
BRDA:62,9,0,7
BRDA:62,9,1,3
BRDA:62,9,2,2
BRDA:63,10,0,7
BRDA:63,10,1,3
BRDA:63,10,2,2
BRDA:66,11,0,2
BRDA:66,12,0,7
BRDA:66,12,1,3
BRDA:69,13,0,1
BRDA:69,14,0,5
BRDA:69,14,1,2
BRDA:74,15,0,4
BRDA:74,15,1,2
BRDA:74,15,2,1
BRDA:75,16,0,4
BRDA:75,16,1,2
BRDA:75,16,2,0
BRDA:77,17,0,2
BRDA:77,17,1,2
BRDA:92,18,0,3
BRF:36
BRH:33
end_of_record
